# JRE version: OpenJDK Runtime Environment (8.0_112-b06) (build 1.8.0_112-release-b06)
# Java VM: OpenJDK 64-Bit Server VM (25.112-b06 mixed mode linux-amd64 compressed oops)
Heap:
 PSYoungGen      total 335360K, used 22455K [0x00000000e0000000, 0x00000000f6500000, 0x0000000100000000)
  eden space 305152K, 0% used [0x00000000e0000000,0x00000000e0000000,0x00000000f2a00000)
  from space 30208K, 74% used [0x00000000f2a00000,0x00000000f3fedde0,0x00000000f4780000)
  to   space 26624K, 0% used [0x00000000f4b00000,0x00000000f4b00000,0x00000000f6500000)
 ParOldGen       total 76800K, used 53268K [0x00000000a0000000, 0x00000000a4b00000, 0x00000000e0000000)
  object space 76800K, 69% used [0x00000000a0000000,0x00000000a3405228,0x00000000a4b00000)
 Metaspace       used 68000K, capacity 70086K, committed 70192K, reserved 1110016K
  class space    used 8626K, capacity 9004K, committed 9008K, reserved 1048576K
GC Heap History (10 events):
Event: 22,704 GC heap after
Heap after GC invocations=13 (full 2):
 PSYoungGen      total 169984K, used 10745K [0x00000000e0000000, 0x00000000efd00000, 0x0000000100000000)
  eden space 159232K, 0% used [0x00000000e0000000,0x00000000e0000000,0x00000000e9b80000)
  from space 10752K, 99% used [0x00000000e9b80000,0x00000000ea5fe790,0x00000000ea600000)
  to   space 14336K, 0% used [0x00000000eef00000,0x00000000eef00000,0x00000000efd00000)
 ParOldGen       total 40960K, used 20960K [0x00000000a0000000, 0x00000000a2800000, 0x00000000e0000000)
  object space 40960K, 51% used [0x00000000a0000000,0x00000000a1478070,0x00000000a2800000)
 Metaspace       used 47699K, capacity 48870K, committed 48944K, reserved 1091584K
  class space    used 6397K, capacity 6688K, committed 6704K, reserved 1048576K
}
Event: 32,317 GC heap before
{Heap before GC invocations=14 (full 2):
 PSYoungGen      total 169984K, used 169977K [0x00000000e0000000, 0x00000000efd00000, 0x0000000100000000)
  eden space 159232K, 100% used [0x00000000e0000000,0x00000000e9b80000,0x00000000e9b80000)
  from space 10752K, 99% used [0x00000000e9b80000,0x00000000ea5fe790,0x00000000ea600000)
  to   space 14336K, 0% used [0x00000000eef00000,0x00000000eef00000,0x00000000efd00000)
 ParOldGen       total 40960K, used 20960K [0x00000000a0000000, 0x00000000a2800000, 0x00000000e0000000)
  object space 40960K, 51% used [0x00000000a0000000,0x00000000a1478070,0x00000000a2800000)
 Metaspace       used 54096K, capacity 55722K, committed 55984K, reserved 1097728K
  class space    used 7258K, capacity 7574K, committed 7600K, reserved 1048576K
Event: 32,385 GC heap after
Heap after GC invocations=14 (full 2):
 PSYoungGen      total 237056K, used 14331K [0x00000000e0000000, 0x00000000f0780000, 0x0000000100000000)
  eden space 222720K, 0% used [0x00000000e0000000,0x00000000e0000000,0x00000000ed980000)
  from space 14336K, 99% used [0x00000000eef00000,0x00000000efcfec88,0x00000000efd00000)
  to   space 22016K, 0% used [0x00000000ed980000,0x00000000ed980000,0x00000000eef00000)
 ParOldGen       total 40960K, used 35814K [0x00000000a0000000, 0x00000000a2800000, 0x00000000e0000000)
  object space 40960K, 87% used [0x00000000a0000000,0x00000000a22f99f8,0x00000000a2800000)
 Metaspace       used 54096K, capacity 55722K, committed 55984K, reserved 1097728K
  class space    used 7258K, capacity 7574K, committed 7600K, reserved 1048576K
}
Event: 32,385 GC heap before
{Heap before GC invocations=15 (full 3):
 PSYoungGen      total 237056K, used 14331K [0x00000000e0000000, 0x00000000f0780000, 0x0000000100000000)
  eden space 222720K, 0% used [0x00000000e0000000,0x00000000e0000000,0x00000000ed980000)
  from space 14336K, 99% used [0x00000000eef00000,0x00000000efcfec88,0x00000000efd00000)
  to   space 22016K, 0% used [0x00000000ed980000,0x00000000ed980000,0x00000000eef00000)
 ParOldGen       total 40960K, used 35814K [0x00000000a0000000, 0x00000000a2800000, 0x00000000e0000000)
  object space 40960K, 87% used [0x00000000a0000000,0x00000000a22f99f8,0x00000000a2800000)
 Metaspace       used 54096K, capacity 55722K, committed 55984K, reserved 1097728K
  class space    used 7258K, capacity 7574K, committed 7600K, reserved 1048576K
Event: 32,641 GC heap after
Heap after GC invocations=15 (full 3):
 PSYoungGen      total 237056K, used 2028K [0x00000000e0000000, 0x00000000f0780000, 0x0000000100000000)
  eden space 222720K, 0% used [0x00000000e0000000,0x00000000e0000000,0x00000000ed980000)
  from space 14336K, 14% used [0x00000000eef00000,0x00000000ef0fb320,0x00000000efd00000)
  to   space 22016K, 0% used [0x00000000ed980000,0x00000000ed980000,0x00000000eef00000)
 ParOldGen       total 76800K, used 40462K [0x00000000a0000000, 0x00000000a4b00000, 0x00000000e0000000)
  object space 76800K, 52% used [0x00000000a0000000,0x00000000a2783bc8,0x00000000a4b00000)
 Metaspace       used 54096K, capacity 55722K, committed 55984K, reserved 1097728K
  class space    used 7258K, capacity 7574K, committed 7600K, reserved 1048576K
}
Event: 43,727 GC heap before
{Heap before GC invocations=16 (full 3):
 PSYoungGen      total 237056K, used 224748K [0x00000000e0000000, 0x00000000f0780000, 0x0000000100000000)
  eden space 222720K, 100% used [0x00000000e0000000,0x00000000ed980000,0x00000000ed980000)
  from space 14336K, 14% used [0x00000000eef00000,0x00000000ef0fb320,0x00000000efd00000)
  to   space 22016K, 0% used [0x00000000ed980000,0x00000000ed980000,0x00000000eef00000)
 ParOldGen       total 76800K, used 40462K [0x00000000a0000000, 0x00000000a4b00000, 0x00000000e0000000)
  object space 76800K, 52% used [0x00000000a0000000,0x00000000a2783bc8,0x00000000a4b00000)
 Metaspace       used 56100K, capacity 57866K, committed 58032K, reserved 1099776K
  class space    used 7457K, capacity 7824K, committed 7856K, reserved 1048576K
Event: 43,795 GC heap after
Heap after GC invocations=16 (full 3):
 PSYoungGen      total 244736K, used 22001K [0x00000000e0000000, 0x00000000f6680000, 0x0000000100000000)
  eden space 222720K, 0% used [0x00000000e0000000,0x00000000e0000000,0x00000000ed980000)
  from space 22016K, 99% used [0x00000000ed980000,0x00000000eeefc5e0,0x00000000eef00000)
  to   space 28160K, 0% used [0x00000000f4b00000,0x00000000f4b00000,0x00000000f6680000)
 ParOldGen       total 76800K, used 47000K [0x00000000a0000000, 0x00000000a4b00000, 0x00000000e0000000)
  object space 76800K, 61% used [0x00000000a0000000,0x00000000a2de6348,0x00000000a4b00000)
 Metaspace       used 56100K, capacity 57866K, committed 58032K, reserved 1099776K
  class space    used 7457K, capacity 7824K, committed 7856K, reserved 1048576K
}
Event: 48,043 GC heap before
{Heap before GC invocations=17 (full 3):
 PSYoungGen      total 244736K, used 244721K [0x00000000e0000000, 0x00000000f6680000, 0x0000000100000000)
  eden space 222720K, 100% used [0x00000000e0000000,0x00000000ed980000,0x00000000ed980000)
  from space 22016K, 99% used [0x00000000ed980000,0x00000000eeefc5e0,0x00000000eef00000)
  to   space 28160K, 0% used [0x00000000f4b00000,0x00000000f4b00000,0x00000000f6680000)
 ParOldGen       total 76800K, used 47000K [0x00000000a0000000, 0x00000000a4b00000, 0x00000000e0000000)
  object space 76800K, 61% used [0x00000000a0000000,0x00000000a2de6348,0x00000000a4b00000)
 Metaspace       used 60531K, capacity 62262K, committed 62512K, reserved 1103872K
  class space    used 7994K, capacity 8370K, committed 8496K, reserved 1048576K
Event: 48,093 GC heap after
Heap after GC invocations=17 (full 3):
 PSYoungGen      total 331776K, used 21832K [0x00000000e0000000, 0x00000000f6500000, 0x0000000100000000)
  eden space 305152K, 0% used [0x00000000e0000000,0x00000000e0000000,0x00000000f2a00000)
  from space 26624K, 82% used [0x00000000f4b00000,0x00000000f6052348,0x00000000f6500000)
  to   space 30208K, 0% used [0x00000000f2a00000,0x00000000f2a00000,0x00000000f4780000)
 ParOldGen       total 76800K, used 49735K [0x00000000a0000000, 0x00000000a4b00000, 0x00000000e0000000)
  object space 76800K, 64% used [0x00000000a0000000,0x00000000a3091d78,0x00000000a4b00000)
 Metaspace       used 60531K, capacity 62262K, committed 62512K, reserved 1103872K
  class space    used 7994K, capacity 8370K, committed 8496K, reserved 1048576K
}
Event: 107,772 GC heap before
{Heap before GC invocations=18 (full 3):
 PSYoungGen      total 331776K, used 326203K [0x00000000e0000000, 0x00000000f6500000, 0x0000000100000000)
  eden space 305152K, 99% used [0x00000000e0000000,0x00000000f293c8c8,0x00000000f2a00000)
  from space 26624K, 82% used [0x00000000f4b00000,0x00000000f6052348,0x00000000f6500000)
  to   space 30208K, 0% used [0x00000000f2a00000,0x00000000f2a00000,0x00000000f4780000)
 ParOldGen       total 76800K, used 49735K [0x00000000a0000000, 0x00000000a4b00000, 0x00000000e0000000)
  object space 76800K, 64% used [0x00000000a0000000,0x00000000a3091d78,0x00000000a4b00000)
 Metaspace       used 68000K, capacity 70086K, committed 70192K, reserved 1110016K
  class space    used 8626K, capacity 9004K, committed 9008K, reserved 1048576K

